<?xml version="1.0" encoding="UTF-8"?>
<!-- Generated by org.testng.reporters.JUnitXMLReporter -->
<testsuite hostname="CPU351" ignored="3" name="AdminProfile" tests="7" failures="0" timestamp="07 May 2019 05:35:08 GMT" time="39.956" errors="0">
  <testcase name="Login" time="4.335" classname="Scripts.Login_Script"/>
  <testcase name="Login" time="0.01" classname="Scripts.Login_Script"/>
  <testcase name="Login" time="0.008" classname="Scripts.Login_Script"/>
  <testcase name="Login" time="0.007" classname="Scripts.Login_Script"/>
  <testcase name="admnPrfle" time="11.705" classname="Scripts.AdminProfile_Script"/>
  <testcase name="admnOpenAll" time="8.301" classname="Scripts.AdminProfile_Script"/>
  <testcase name="admnLogoCheck" time="7.483" classname="Scripts.AdminProfile_Script"/>
  <testcase name="@BeforeSuite createreport" time="0.0" classname="Generic_Library.Basefunctions">
    <ignored/>
  </testcase> <!-- @BeforeSuite createreport -->
  <testcase name="@BeforeTest launch" time="0.0" classname="Generic_Library.Basefunctions">
    <ignored/>
  </testcase> <!-- @BeforeTest launch -->
  <testcase name="@AfterTest closeapp" time="0.0" classname="Generic_Library.Basefunctions">
    <ignored/>
  </testcase> <!-- @AfterTest closeapp -->
</testsuite> <!-- AdminProfile -->
