<?xml version="1.0" encoding="UTF-8"?>
<!-- Generated by org.testng.reporters.JUnitXMLReporter -->
<testsuite hostname="CPU351" ignored="3" name="AdminKeyProfile" tests="11" failures="0" timestamp="07 May 2019 10:09:46 GMT" time="121.856" errors="0">
  <testcase name="Login" time="4.388" classname="Scripts.Login_Script"/>
  <testcase name="Login" time="0.008" classname="Scripts.Login_Script"/>
  <testcase name="Login" time="0.008" classname="Scripts.Login_Script"/>
  <testcase name="Login" time="0.006" classname="Scripts.Login_Script"/>
  <testcase name="keyProfile" time="2.092" classname="Scripts.AdmnKeyPrfle_Script"/>
  <testcase name="keyProfilehrdTkn" time="8.453" classname="Scripts.AdmnKeyPrfle_Script"/>
  <testcase name="keyProfilehrdTkn" time="0.781" classname="Scripts.AdmnKeyPrfle_Script"/>
  <testcase name="keyProfilehrdTkn" time="0.686" classname="Scripts.AdmnKeyPrfle_Script"/>
  <testcase name="keyProfilehrdTkn" time="45.085" classname="Scripts.AdmnKeyPrfle_Script"/>
  <testcase name="keyProfileHSM" time="47.28" classname="Scripts.AdmnKeyPrfle_Script"/>
  <testcase name="keyProfileExprtExcel" time="4.916" classname="Scripts.AdmnKeyPrfle_Script"/>
  <testcase name="@BeforeSuite createreport" time="0.0" classname="Generic_Library.Basefunctions">
    <ignored/>
  </testcase> <!-- @BeforeSuite createreport -->
  <testcase name="@BeforeTest launch" time="0.0" classname="Generic_Library.Basefunctions">
    <ignored/>
  </testcase> <!-- @BeforeTest launch -->
  <testcase name="@AfterTest closeapp" time="0.0" classname="Generic_Library.Basefunctions">
    <ignored/>
  </testcase> <!-- @AfterTest closeapp -->
</testsuite> <!-- AdminKeyProfile -->
