<?xml version="1.0" encoding="UTF-8"?>
<!-- Generated by org.testng.reporters.JUnitXMLReporter -->
<testsuite hostname="CPU351" ignored="3" name="admnReport" tests="16" failures="0" timestamp="09 Apr 2019 06:32:38 GMT" time="108.042" errors="0">
  <testcase name="Login" time="4.286" classname="Scripts.Login_Script"/>
  <testcase name="Login" time="0.009" classname="Scripts.Login_Script"/>
  <testcase name="Login" time="0.006" classname="Scripts.Login_Script"/>
  <testcase name="Login" time="0.008" classname="Scripts.Login_Script"/>
  <testcase name="admnReport" time="2.092" classname="Scripts.AdmnReports_Script"/>
  <testcase name="admnCRLReport" time="7.839" classname="Scripts.AdmnReports_Script"/>
  <testcase name="admnCertStat" time="5.585" classname="Scripts.AdmnReports_Script"/>
  <testcase name="activeCertificates" time="32.374" classname="Scripts.AdmnReports_Script"/>
  <testcase name="activeCertificates" time="0.004" classname="Scripts.AdmnReports_Script"/>
  <testcase name="activeCertificates" time="0.011" classname="Scripts.AdmnReports_Script"/>
  <testcase name="revokeCertificates" time="0.003" classname="Scripts.AdmnReports_Script"/>
  <testcase name="revokeCertificates" time="30.045" classname="Scripts.AdmnReports_Script"/>
  <testcase name="revokeCertificates" time="0.005" classname="Scripts.AdmnReports_Script"/>
  <testcase name="expiredCertificates" time="0.002" classname="Scripts.AdmnReports_Script"/>
  <testcase name="expiredCertificates" time="0.004" classname="Scripts.AdmnReports_Script"/>
  <testcase name="expiredCertificates" time="17.729" classname="Scripts.AdmnReports_Script"/>
  <testcase name="@BeforeSuite createreport" time="0.0" classname="Generic_Library.Basefunctions">
    <ignored/>
  </testcase> <!-- @BeforeSuite createreport -->
  <testcase name="@BeforeTest launch" time="0.0" classname="Generic_Library.Basefunctions">
    <ignored/>
  </testcase> <!-- @BeforeTest launch -->
  <testcase name="@AfterTest closeapp" time="0.0" classname="Generic_Library.Basefunctions">
    <ignored/>
  </testcase> <!-- @AfterTest closeapp -->
</testsuite> <!-- admnReport -->
