<?xml version="1.0" encoding="UTF-8"?>
<!-- Generated by org.testng.reporters.JUnitXMLReporter -->
<testsuite hostname="CPU351" ignored="3" name="AuditorReports" tests="5" failures="0" timestamp="26 Mar 2019 12:22:48 GMT" time="35.705" errors="0">
  <testcase name="LoginAuditor" time="0.035" classname="Scripts.LoginAuditor_Script"/>
  <testcase name="LoginAuditor" time="0.003" classname="Scripts.LoginAuditor_Script"/>
  <testcase name="LoginAuditor" time="4.287" classname="Scripts.LoginAuditor_Script"/>
  <testcase name="auditorReports" time="2.509" classname="Scripts.AuditorReports_Script"/>
  <testcase name="auditorLogs" time="21.083" classname="Scripts.AuditorReports_Script"/>
  <testcase name="@BeforeSuite createreport" time="0.0" classname="Generic_Library.Basefunctions">
    <ignored/>
  </testcase> <!-- @BeforeSuite createreport -->
  <testcase name="@BeforeTest launch" time="0.0" classname="Generic_Library.Basefunctions">
    <ignored/>
  </testcase> <!-- @BeforeTest launch -->
  <testcase name="@AfterTest closeapp" time="0.0" classname="Generic_Library.Basefunctions">
    <ignored/>
  </testcase> <!-- @AfterTest closeapp -->
</testsuite> <!-- AuditorReports -->
