<?xml version="1.0" encoding="UTF-8"?>
<!-- Generated by org.testng.reporters.JUnitXMLReporter -->
<testsuite hostname="CPU351" ignored="3" name="AuditorDashboard" tests="11" failures="0" timestamp="09 Apr 2019 06:00:19 GMT" time="182.804" errors="0">
  <testcase name="LoginAuditor" time="0.003" classname="Scripts.LoginAuditor_Script"/>
  <testcase name="LoginAuditor" time="0.004" classname="Scripts.LoginAuditor_Script"/>
  <testcase name="LoginAuditor" time="4.222" classname="Scripts.LoginAuditor_Script"/>
  <testcase name="LoginAuditor" time="0.008" classname="Scripts.LoginAuditor_Script"/>
  <testcase name="AuditrActveCert" time="31.502" classname="Scripts.AuditorDashBoard_Script"/>
  <testcase name="AuditrActveCertU" time="31.936" classname="Scripts.AuditorDashBoard_Script"/>
  <testcase name="AuditrRvkeCert" time="11.726" classname="Scripts.AuditorDashBoard_Script"/>
  <testcase name="AuditrRvkeCertU" time="31.821" classname="Scripts.AuditorDashBoard_Script"/>
  <testcase name="AuditrExpireCert" time="11.806" classname="Scripts.AuditorDashBoard_Script"/>
  <testcase name="AuditrExpireCertU" time="32.343" classname="Scripts.AuditorDashBoard_Script"/>
  <testcase name="AuditrCRl" time="23.472" classname="Scripts.AuditorDashBoard_Script"/>
  <testcase name="@BeforeSuite createreport" time="0.0" classname="Generic_Library.Basefunctions">
    <ignored/>
  </testcase> <!-- @BeforeSuite createreport -->
  <testcase name="@BeforeTest launch" time="0.0" classname="Generic_Library.Basefunctions">
    <ignored/>
  </testcase> <!-- @BeforeTest launch -->
  <testcase name="@AfterTest closeapp" time="0.0" classname="Generic_Library.Basefunctions">
    <ignored/>
  </testcase> <!-- @AfterTest closeapp -->
</testsuite> <!-- AuditorDashboard -->
