<?xml version="1.0" encoding="UTF-8"?>
<!-- Generated by org.testng.reporters.JUnitXMLReporter -->
<testsuite hostname="CPU351" ignored="3" name="CAAdminReportsLogs" tests="7" failures="0" timestamp="28 Mar 2019 10:00:53 GMT" time="53.566" errors="0">
  <testcase name="Login" time="2.826" classname="Scripts.LoginCaAdministrator_Script"/>
  <testcase name="Login" time="0.47" classname="Scripts.LoginCaAdministrator_Script"/>
  <testcase name="Login" time="4.756" classname="Scripts.LoginCaAdministrator_Script"/>
  <testcase name="Login" time="4.868" classname="Scripts.LoginCaAdministrator_Script"/>
  <testcase name="Login" time="4.281" classname="Scripts.LoginCaAdministrator_Script"/>
  <testcase name="auditorReports" time="6.646" classname="Scripts.CAAdminReports_Script"/>
  <testcase name="auditorLogs" time="22.265" classname="Scripts.CAAdminReports_Script"/>
  <testcase name="@BeforeSuite createreport" time="0.0" classname="Generic_Library.Basefunctions">
    <ignored/>
  </testcase> <!-- @BeforeSuite createreport -->
  <testcase name="@BeforeTest launch" time="0.0" classname="Generic_Library.Basefunctions">
    <ignored/>
  </testcase> <!-- @BeforeTest launch -->
  <testcase name="@AfterTest closeapp" time="0.0" classname="Generic_Library.Basefunctions">
    <ignored/>
  </testcase> <!-- @AfterTest closeapp -->
</testsuite> <!-- CAAdminReportsLogs -->
