<?xml version="1.0" encoding="UTF-8"?>
<!-- Generated by org.testng.reporters.JUnitXMLReporter -->
<testsuite hostname="CPU351" ignored="3" name="caadminDashboard" tests="12" failures="0" timestamp="09 Apr 2019 05:54:10 GMT" time="184.77" errors="0">
  <testcase name="Login" time="0.03" classname="Scripts.LoginCAAdmin_Script"/>
  <testcase name="Login" time="0.016" classname="Scripts.LoginCAAdmin_Script"/>
  <testcase name="Login" time="0.0" classname="Scripts.LoginCAAdmin_Script"/>
  <testcase name="Login" time="0.015" classname="Scripts.LoginCAAdmin_Script"/>
  <testcase name="Login" time="4.331" classname="Scripts.LoginCAAdmin_Script"/>
  <testcase name="caadminActveCert" time="31.838" classname="Scripts.CAAdminDashBoard_Script"/>
  <testcase name="caadminActveCertU" time="32.202" classname="Scripts.CAAdminDashBoard_Script"/>
  <testcase name="caadminRvkeCert" time="11.775" classname="Scripts.CAAdminDashBoard_Script"/>
  <testcase name="caadminRvkeCertU" time="31.897" classname="Scripts.CAAdminDashBoard_Script"/>
  <testcase name="caadminExpireCert" time="11.766" classname="Scripts.CAAdminDashBoard_Script"/>
  <testcase name="caadminExpireCertU" time="32.052" classname="Scripts.CAAdminDashBoard_Script"/>
  <testcase name="caadminCRl" time="23.432" classname="Scripts.CAAdminDashBoard_Script"/>
  <testcase name="@BeforeSuite createreport" time="0.0" classname="Generic_Library.Basefunctions">
    <ignored/>
  </testcase> <!-- @BeforeSuite createreport -->
  <testcase name="@BeforeTest launch" time="0.0" classname="Generic_Library.Basefunctions">
    <ignored/>
  </testcase> <!-- @BeforeTest launch -->
  <testcase name="@AfterTest closeapp" time="0.0" classname="Generic_Library.Basefunctions">
    <ignored/>
  </testcase> <!-- @AfterTest closeapp -->
</testsuite> <!-- caadminDashboard -->
