<?xml version="1.0" encoding="UTF-8"?>
<!-- Generated by org.testng.reporters.JUnitXMLReporter -->
<testsuite hostname="CPU351" ignored="3" name="caCertSearch" tests="5" failures="0" timestamp="09 Apr 2019 05:48:43 GMT" time="38.633" errors="0">
  <testcase name="Login" time="4.279" classname="Scripts.Login_Script"/>
  <testcase name="Login" time="0.018" classname="Scripts.Login_Script"/>
  <testcase name="Login" time="0.006" classname="Scripts.Login_Script"/>
  <testcase name="Login" time="0.009" classname="Scripts.Login_Script"/>
  <testcase name="certDetails" time="28.99" classname="Scripts.AdmnCACertMngnt_Script"/>
  <testcase name="@BeforeSuite createreport" time="0.0" classname="Generic_Library.Basefunctions">
    <ignored/>
  </testcase> <!-- @BeforeSuite createreport -->
  <testcase name="@BeforeTest launch" time="0.0" classname="Generic_Library.Basefunctions">
    <ignored/>
  </testcase> <!-- @BeforeTest launch -->
  <testcase name="@AfterTest closeapp" time="0.0" classname="Generic_Library.Basefunctions">
    <ignored/>
  </testcase> <!-- @AfterTest closeapp -->
</testsuite> <!-- caCertSearch -->
