<?xml version="1.0" encoding="UTF-8"?>
<!-- Generated by org.testng.reporters.JUnitXMLReporter -->
<testsuite hostname="CPU351" ignored="3" name="CertProfileCA" tests="17" failures="0" timestamp="07 May 2019 11:41:16 GMT" time="101.175" errors="0">
  <testcase name="Login" time="4.326" classname="Scripts.Login_Script"/>
  <testcase name="Login" time="0.007" classname="Scripts.Login_Script"/>
  <testcase name="Login" time="0.008" classname="Scripts.Login_Script"/>
  <testcase name="Login" time="0.006" classname="Scripts.Login_Script"/>
  <testcase name="prfleManagment" time="2.105" classname="Scripts.AdmnCertifctPrfleCA_Script"/>
  <testcase name="certificateProfileCA" time="0.005" classname="Scripts.AdmnCertifctPrfleCA_Script"/>
  <testcase name="certificateProfileCA" time="0.005" classname="Scripts.AdmnCertifctPrfleCA_Script"/>
  <testcase name="certificateProfileCA" time="0.004" classname="Scripts.AdmnCertifctPrfleCA_Script"/>
  <testcase name="certificateProfileCA" time="0.006" classname="Scripts.AdmnCertifctPrfleCA_Script"/>
  <testcase name="certificateProfileCA" time="0.003" classname="Scripts.AdmnCertifctPrfleCA_Script"/>
  <testcase name="certificateProfileCA" time="0.003" classname="Scripts.AdmnCertifctPrfleCA_Script"/>
  <testcase name="certificateProfileCA" time="0.002" classname="Scripts.AdmnCertifctPrfleCA_Script"/>
  <testcase name="certificateProfileCA" time="0.002" classname="Scripts.AdmnCertifctPrfleCA_Script"/>
  <testcase name="certificateProfileCA" time="0.004" classname="Scripts.AdmnCertifctPrfleCA_Script"/>
  <testcase name="certificateProfileCA" time="88.844" classname="Scripts.AdmnCertifctPrfleCA_Script"/>
  <testcase name="certificateProfileCA" time="0.002" classname="Scripts.AdmnCertifctPrfleCA_Script"/>
  <testcase name="certificateProfileCA" time="0.002" classname="Scripts.AdmnCertifctPrfleCA_Script"/>
  <testcase name="@BeforeSuite createreport" time="0.0" classname="Generic_Library.Basefunctions">
    <ignored/>
  </testcase> <!-- @BeforeSuite createreport -->
  <testcase name="@BeforeTest launch" time="0.0" classname="Generic_Library.Basefunctions">
    <ignored/>
  </testcase> <!-- @BeforeTest launch -->
  <testcase name="@AfterTest closeapp" time="0.0" classname="Generic_Library.Basefunctions">
    <ignored/>
  </testcase> <!-- @AfterTest closeapp -->
</testsuite> <!-- CertProfileCA -->
