<?xml version="1.0" encoding="UTF-8"?>
<!-- Generated by org.testng.reporters.JUnitXMLReporter -->
<testsuite hostname="CPU351" ignored="3" name="CertCA" tests="9" failures="0" timestamp="07 May 2019 11:44:54 GMT" time="56.261" errors="0">
  <testcase name="Login" time="0.031" classname="Scripts.LoginOfficer_Script"/>
  <testcase name="Login" time="4.318" classname="Scripts.LoginOfficer_Script"/>
  <testcase name="Login" time="0.003" classname="Scripts.LoginOfficer_Script"/>
  <testcase name="Login" time="0.004" classname="Scripts.LoginOfficer_Script"/>
  <testcase name="caCertMangmt" time="3.072" classname="Scripts.OfcrCACertEnrollCA_Script"/>
  <testcase name="caEnrollCACert" time="0.003" classname="Scripts.OfcrCACertEnrollCA_Script"/>
  <testcase name="caEnrollCACert" time="0.008" classname="Scripts.OfcrCACertEnrollCA_Script"/>
  <testcase name="caEnrollCACert" time="42.745" classname="Scripts.OfcrCACertEnrollCA_Script"/>
  <testcase name="caEnrollCACert" time="0.003" classname="Scripts.OfcrCACertEnrollCA_Script"/>
  <testcase name="@BeforeSuite createreport" time="0.0" classname="Generic_Library.Basefunctions">
    <ignored/>
  </testcase> <!-- @BeforeSuite createreport -->
  <testcase name="@BeforeTest launch" time="0.0" classname="Generic_Library.Basefunctions">
    <ignored/>
  </testcase> <!-- @BeforeTest launch -->
  <testcase name="@AfterTest closeapp" time="0.0" classname="Generic_Library.Basefunctions">
    <ignored/>
  </testcase> <!-- @AfterTest closeapp -->
</testsuite> <!-- CertCA -->
