<?xml version="1.0" encoding="UTF-8"?>
<!-- Generated by org.testng.reporters.JUnitXMLReporter -->
<testsuite hostname="CPU351" ignored="3" name="CertProfileOCSP" tests="18" failures="0" timestamp="09 Apr 2019 05:06:48 GMT" time="74.831" errors="0">
  <testcase name="Login" time="4.266" classname="Scripts.Login_Script"/>
  <testcase name="Login" time="0.008" classname="Scripts.Login_Script"/>
  <testcase name="Login" time="0.005" classname="Scripts.Login_Script"/>
  <testcase name="Login" time="0.006" classname="Scripts.Login_Script"/>
  <testcase name="prfleManagment" time="2.109" classname="Scripts.AdmnCertifctPrfleOCSP_Script"/>
  <testcase name="certificateProfileOCSP" time="0.004" classname="Scripts.AdmnCertifctPrfleOCSP_Script"/>
  <testcase name="certificateProfileOCSP" time="0.006" classname="Scripts.AdmnCertifctPrfleOCSP_Script"/>
  <testcase name="certificateProfileOCSP" time="0.011" classname="Scripts.AdmnCertifctPrfleOCSP_Script"/>
  <testcase name="certificateProfileOCSP" time="0.005" classname="Scripts.AdmnCertifctPrfleOCSP_Script"/>
  <testcase name="certificateProfileOCSP" time="0.003" classname="Scripts.AdmnCertifctPrfleOCSP_Script"/>
  <testcase name="certificateProfileOCSP" time="0.004" classname="Scripts.AdmnCertifctPrfleOCSP_Script"/>
  <testcase name="certificateProfileOCSP" time="0.006" classname="Scripts.AdmnCertifctPrfleOCSP_Script"/>
  <testcase name="certificateProfileOCSP" time="0.012" classname="Scripts.AdmnCertifctPrfleOCSP_Script"/>
  <testcase name="certificateProfileOCSP" time="0.006" classname="Scripts.AdmnCertifctPrfleOCSP_Script"/>
  <testcase name="certificateProfileOCSP" time="0.002" classname="Scripts.AdmnCertifctPrfleOCSP_Script"/>
  <testcase name="certificateProfileOCSP" time="0.02" classname="Scripts.AdmnCertifctPrfleOCSP_Script"/>
  <testcase name="certificateProfileOCSP" time="58.735" classname="Scripts.AdmnCertifctPrfleOCSP_Script"/>
  <testcase name="exprtToExl" time="2.122" classname="Scripts.AdmnCertifctPrfleOCSP_Script"/>
  <testcase name="@BeforeSuite createreport" time="0.0" classname="Generic_Library.Basefunctions">
    <ignored/>
  </testcase> <!-- @BeforeSuite createreport -->
  <testcase name="@BeforeTest launch" time="0.0" classname="Generic_Library.Basefunctions">
    <ignored/>
  </testcase> <!-- @BeforeTest launch -->
  <testcase name="@AfterTest closeapp" time="0.0" classname="Generic_Library.Basefunctions">
    <ignored/>
  </testcase> <!-- @AfterTest closeapp -->
</testsuite> <!-- CertProfileOCSP -->
