<?xml version="1.0" encoding="UTF-8"?>
<!-- Generated by org.testng.reporters.JUnitXMLReporter -->
<testsuite hostname="CPU351" ignored="3" name="createAdmin" tests="9" failures="0" timestamp="07 May 2019 05:31:59 GMT" time="155.84" errors="0">
  <testcase name="Login" time="0.036" classname="Scripts.LoginCAAdmin_Script"/>
  <testcase name="Login" time="0.003" classname="Scripts.LoginCAAdmin_Script"/>
  <testcase name="Login" time="0.003" classname="Scripts.LoginCAAdmin_Script"/>
  <testcase name="Login" time="0.002" classname="Scripts.LoginCAAdmin_Script"/>
  <testcase name="Login" time="4.32" classname="Scripts.LoginCAAdmin_Script"/>
  <testcase name="roleMngnt" time="5.148" classname="Scripts.CreateAdmin_Script"/>
  <testcase name="crteAdmin" time="43.412" classname="Scripts.CreateAdmin_Script"/>
  <testcase name="crteAdmin" time="22.855" classname="Scripts.CreateAdmin_Script"/>
  <testcase name="crteAdmin" time="71.284" classname="Scripts.CreateAdmin_Script"/>
  <testcase name="@BeforeSuite createreport" time="0.0" classname="Generic_Library.Basefunctions">
    <ignored/>
  </testcase> <!-- @BeforeSuite createreport -->
  <testcase name="@BeforeTest launch" time="0.0" classname="Generic_Library.Basefunctions">
    <ignored/>
  </testcase> <!-- @BeforeTest launch -->
  <testcase name="@AfterTest closeapp" time="0.0" classname="Generic_Library.Basefunctions">
    <ignored/>
  </testcase> <!-- @AfterTest closeapp -->
</testsuite> <!-- createAdmin -->
