<?xml version="1.0" encoding="UTF-8"?>
<!-- Generated by org.testng.reporters.JUnitXMLReporter -->
<testsuite hostname="CPU351" ignored="3" name="createUser" tests="19" failures="0" timestamp="07 May 2019 09:57:16 GMT" time="165.152" errors="0">
  <testcase name="Login" time="4.471" classname="Scripts.Login_Script"/>
  <testcase name="Login" time="0.007" classname="Scripts.Login_Script"/>
  <testcase name="Login" time="0.008" classname="Scripts.Login_Script"/>
  <testcase name="Login" time="0.006" classname="Scripts.Login_Script"/>
  <testcase name="crteUserErrorMsgCheck" time="7.212" classname="Scripts.CreateUser_Script"/>
  <testcase name="crteUserErrorMsgCheck" time="1.059" classname="Scripts.CreateUser_Script"/>
  <testcase name="crteUserErrorMsgCheck" time="0.947" classname="Scripts.CreateUser_Script"/>
  <testcase name="crteUserErrorMsgCheck" time="0.713" classname="Scripts.CreateUser_Script"/>
  <testcase name="crteUserErrorMsgCheck" time="0.664" classname="Scripts.CreateUser_Script"/>
  <testcase name="crteUserErrorMsgCheck" time="0.628" classname="Scripts.CreateUser_Script"/>
  <testcase name="crteUserErrorMsgCheck" time="0.492" classname="Scripts.CreateUser_Script"/>
  <testcase name="crteUserErrorMsgCheck" time="0.518" classname="Scripts.CreateUser_Script"/>
  <testcase name="crteUserErrorMsgCheck" time="0.626" classname="Scripts.CreateUser_Script"/>
  <testcase name="crteUserErrorMsgCheck" time="0.635" classname="Scripts.CreateUser_Script"/>
  <testcase name="crteUserOfficer" time="43.246" classname="Scripts.CreateUser_Script"/>
  <testcase name="crteUserAuditor" time="42.836" classname="Scripts.CreateUser_Script"/>
  <testcase name="crteUserOperator" time="23.076" classname="Scripts.CreateUser_Script"/>
  <testcase name="crteUserNegative" time="22.861" classname="Scripts.CreateUser_Script"/>
  <testcase name="exprtExcl" time="6.607" classname="Scripts.CreateUser_Script"/>
  <testcase name="@BeforeSuite createreport" time="0.0" classname="Generic_Library.Basefunctions">
    <ignored/>
  </testcase> <!-- @BeforeSuite createreport -->
  <testcase name="@BeforeTest launch" time="0.0" classname="Generic_Library.Basefunctions">
    <ignored/>
  </testcase> <!-- @BeforeTest launch -->
  <testcase name="@AfterTest closeapp" time="0.0" classname="Generic_Library.Basefunctions">
    <ignored/>
  </testcase> <!-- @AfterTest closeapp -->
</testsuite> <!-- createUser -->
