<?xml version="1.0" encoding="UTF-8"?>
<!-- Generated by org.testng.reporters.JUnitXMLReporter -->
<testsuite hostname="CPU351" ignored="3" name="CRLmanage" tests="4" failures="0" timestamp="11 Mar 2019 04:34:07 GMT" time="30.85" errors="0">
  <testcase name="Login" time="0.037" classname="Scripts.LoginOfficer_Script"/>
  <testcase name="Login" time="4.273" classname="Scripts.LoginOfficer_Script"/>
  <testcase name="caCertMangmt" time="3.089" classname="Scripts.OfcrManageCRL_Script"/>
  <testcase name="searchCRLCheck" time="17.955" classname="Scripts.OfcrManageCRL_Script"/>
  <testcase name="@BeforeSuite createreport" time="0.0" classname="Generic_Library.Basefunctions">
    <ignored/>
  </testcase> <!-- @BeforeSuite createreport -->
  <testcase name="@BeforeTest launch" time="0.0" classname="Generic_Library.Basefunctions">
    <ignored/>
  </testcase> <!-- @BeforeTest launch -->
  <testcase name="@AfterTest closeapp" time="0.0" classname="Generic_Library.Basefunctions">
    <ignored/>
  </testcase> <!-- @AfterTest closeapp -->
</testsuite> <!-- CRLmanage -->
