<?xml version="1.0" encoding="UTF-8"?>
<!-- Generated by org.testng.reporters.JUnitXMLReporter -->
<testsuite hostname="CPU351" ignored="3" name="Login" tests="5" failures="0" timestamp="07 May 2019 05:34:00 GMT" time="14.97" errors="0">
  <testcase name="Login" time="4.378" classname="Scripts.Login_Script"/>
  <testcase name="Login" time="0.008" classname="Scripts.Login_Script"/>
  <testcase name="Login" time="0.006" classname="Scripts.Login_Script"/>
  <testcase name="Login" time="0.008" classname="Scripts.Login_Script"/>
  <testcase name="Logout" time="4.504" classname="Scripts.Logout_Script"/>
  <testcase name="@BeforeSuite createreport" time="0.0" classname="Generic_Library.Basefunctions">
    <ignored/>
  </testcase> <!-- @BeforeSuite createreport -->
  <testcase name="@BeforeTest launch" time="0.0" classname="Generic_Library.Basefunctions">
    <ignored/>
  </testcase> <!-- @BeforeTest launch -->
  <testcase name="@AfterTest closeapp" time="0.0" classname="Generic_Library.Basefunctions">
    <ignored/>
  </testcase> <!-- @AfterTest closeapp -->
</testsuite> <!-- Login -->
