<?xml version="1.0" encoding="UTF-8"?>
<!-- Generated by org.testng.reporters.JUnitXMLReporter -->
<testsuite hostname="CPU351" ignored="6" name="LoginOutAuditor" tests="5" failures="0" timestamp="26 Mar 2019 05:50:41 GMT" time="21.395" errors="0">
  <testcase name="LoginAuditor" time="0.036" classname="Scripts.LoginAuditor_Script"/>
  <testcase name="LoginAuditor" time="0.0" classname="Scripts.LoginAuditor_Script"/>
  <testcase name="LoginAuditor" time="4.265" classname="Scripts.LoginAuditor_Script"/>
  <testcase name="admnPrfle" time="9.308" classname="Scripts.AuditorProfile_Script"/>
  <testcase name="Logout" time="2.501" classname="Scripts.Logout_Script"/>
  <testcase name="@BeforeSuite createreport" time="0.0" classname="Generic_Library.Basefunctions">
    <ignored/>
  </testcase> <!-- @BeforeSuite createreport -->
  <testcase name="@BeforeSuite createreport" time="0.0" classname="Generic_Library.Basefunctions">
    <ignored/>
  </testcase> <!-- @BeforeSuite createreport -->
  <testcase name="@BeforeTest launch" time="0.0" classname="Generic_Library.Basefunctions">
    <ignored/>
  </testcase> <!-- @BeforeTest launch -->
  <testcase name="@BeforeTest launch" time="0.0" classname="Generic_Library.Basefunctions">
    <ignored/>
  </testcase> <!-- @BeforeTest launch -->
  <testcase name="@AfterTest closeapp" time="0.0" classname="Generic_Library.Basefunctions">
    <ignored/>
  </testcase> <!-- @AfterTest closeapp -->
  <testcase name="@AfterTest closeapp" time="0.0" classname="Generic_Library.Basefunctions">
    <ignored/>
  </testcase> <!-- @AfterTest closeapp -->
</testsuite> <!-- LoginOutAuditor -->
