<?xml version="1.0" encoding="UTF-8"?>
<!-- Generated by org.testng.reporters.JUnitXMLReporter -->
<testsuite hostname="CPU351" ignored="3" name="LoginAuditor" tests="4" failures="0" timestamp="26 Mar 2019 05:43:51 GMT" time="12.133" errors="0">
  <testcase name="LoginAuditor" time="0.048" classname="Scripts.LoginAuditor_Script"/>
  <testcase name="LoginAuditor" time="0.005" classname="Scripts.LoginAuditor_Script"/>
  <testcase name="LoginAuditor" time="4.281" classname="Scripts.LoginAuditor_Script"/>
  <testcase name="Logout" time="2.564" classname="Scripts.Logout_Script"/>
  <testcase name="@BeforeSuite createreport" time="0.0" classname="Generic_Library.Basefunctions">
    <ignored/>
  </testcase> <!-- @BeforeSuite createreport -->
  <testcase name="@BeforeTest launch" time="0.0" classname="Generic_Library.Basefunctions">
    <ignored/>
  </testcase> <!-- @BeforeTest launch -->
  <testcase name="@AfterTest closeapp" time="0.0" classname="Generic_Library.Basefunctions">
    <ignored/>
  </testcase> <!-- @AfterTest closeapp -->
</testsuite> <!-- LoginAuditor -->
