<?xml version="1.0" encoding="UTF-8"?>
<!-- Generated by org.testng.reporters.JUnitXMLReporter -->
<testsuite hostname="CPU351" ignored="3" name="ManageOSCP" tests="13" failures="0" timestamp="09 Apr 2019 05:46:54 GMT" time="27.489" errors="0">
  <testcase name="Login" time="0.034" classname="Scripts.LoginOfficer_Script"/>
  <testcase name="Login" time="4.222" classname="Scripts.LoginOfficer_Script"/>
  <testcase name="Login" time="0.003" classname="Scripts.LoginOfficer_Script"/>
  <testcase name="Login" time="0.004" classname="Scripts.LoginOfficer_Script"/>
  <testcase name="OSCPMangment" time="2.088" classname="Scripts.OfcrOCSPMangnt_Script"/>
  <testcase name="searchOscp" time="0.003" classname="Scripts.OfcrOCSPMangnt_Script"/>
  <testcase name="searchOscp" time="0.004" classname="Scripts.OfcrOCSPMangnt_Script"/>
  <testcase name="searchOscp" time="0.004" classname="Scripts.OfcrOCSPMangnt_Script"/>
  <testcase name="searchOscp" time="15.589" classname="Scripts.OfcrOCSPMangnt_Script"/>
  <testcase name="searchOscp" time="0.028" classname="Scripts.OfcrOCSPMangnt_Script"/>
  <testcase name="searchOscp" time="0.007" classname="Scripts.OfcrOCSPMangnt_Script"/>
  <testcase name="searchOscp" time="0.006" classname="Scripts.OfcrOCSPMangnt_Script"/>
  <testcase name="searchOscp" time="0.004" classname="Scripts.OfcrOCSPMangnt_Script"/>
  <testcase name="@BeforeSuite createreport" time="0.0" classname="Generic_Library.Basefunctions">
    <ignored/>
  </testcase> <!-- @BeforeSuite createreport -->
  <testcase name="@BeforeTest launch" time="0.0" classname="Generic_Library.Basefunctions">
    <ignored/>
  </testcase> <!-- @BeforeTest launch -->
  <testcase name="@AfterTest closeapp" time="0.0" classname="Generic_Library.Basefunctions">
    <ignored/>
  </testcase> <!-- @AfterTest closeapp -->
</testsuite> <!-- ManageOSCP -->
