<?xml version="1.0" encoding="UTF-8"?>
<!-- Generated by org.testng.reporters.JUnitXMLReporter -->
<testsuite hostname="CPU351" ignored="3" name="OfficerDashboard" tests="11" failures="0" timestamp="09 Apr 2019 05:57:16 GMT" time="185.53" errors="0">
  <testcase name="Login" time="0.006" classname="Scripts.LoginOfficer_Script"/>
  <testcase name="Login" time="4.315" classname="Scripts.LoginOfficer_Script"/>
  <testcase name="Login" time="0.007" classname="Scripts.LoginOfficer_Script"/>
  <testcase name="Login" time="0.008" classname="Scripts.LoginOfficer_Script"/>
  <testcase name="OfficrActveCert" time="31.652" classname="Scripts.OfficrDashBoard_Script"/>
  <testcase name="OfficrActveCertU" time="31.985" classname="Scripts.OfficrDashBoard_Script"/>
  <testcase name="OfficrRvkeCert" time="11.83" classname="Scripts.OfficrDashBoard_Script"/>
  <testcase name="OfficrRvkeCertU" time="31.954" classname="Scripts.OfficrDashBoard_Script"/>
  <testcase name="OfficrExpireCert" time="11.646" classname="Scripts.OfficrDashBoard_Script"/>
  <testcase name="OfficrExpireCertU" time="32.073" classname="Scripts.OfficrDashBoard_Script"/>
  <testcase name="OfficrCRl" time="23.651" classname="Scripts.OfficrDashBoard_Script"/>
  <testcase name="@BeforeSuite createreport" time="0.0" classname="Generic_Library.Basefunctions">
    <ignored/>
  </testcase> <!-- @BeforeSuite createreport -->
  <testcase name="@BeforeTest launch" time="0.0" classname="Generic_Library.Basefunctions">
    <ignored/>
  </testcase> <!-- @BeforeTest launch -->
  <testcase name="@AfterTest closeapp" time="0.0" classname="Generic_Library.Basefunctions">
    <ignored/>
  </testcase> <!-- @AfterTest closeapp -->
</testsuite> <!-- OfficerDashboard -->
