<?xml version="1.0" encoding="UTF-8"?>
<!-- Generated by org.testng.reporters.JUnitXMLReporter -->
<testsuite hostname="CPU351" ignored="3" name="OfficerLogin" tests="33" failures="0" timestamp="07 May 2019 11:39:08 GMT" time="209.833" errors="0">
  <testcase name="Login" time="0.033" classname="Scripts.LoginOfficer_Script"/>
  <testcase name="Login" time="4.302" classname="Scripts.LoginOfficer_Script"/>
  <testcase name="Login" time="0.005" classname="Scripts.LoginOfficer_Script"/>
  <testcase name="Login" time="0.005" classname="Scripts.LoginOfficer_Script"/>
  <testcase name="caCertMangmt" time="3.095" classname="Scripts.OfcrCACertEnroll_Script"/>
  <testcase name="errMsgCheck" time="6.965" classname="Scripts.OfcrCACertEnroll_Script"/>
  <testcase name="errMsgCheck" time="5.632" classname="Scripts.OfcrCACertEnroll_Script"/>
  <testcase name="errMsgCheck" time="1.233" classname="Scripts.OfcrCACertEnroll_Script"/>
  <testcase name="errMsgCheck" time="0.925" classname="Scripts.OfcrCACertEnroll_Script"/>
  <testcase name="errMsgCheck" time="0.891" classname="Scripts.OfcrCACertEnroll_Script"/>
  <testcase name="errMsgCheck" time="0.871" classname="Scripts.OfcrCACertEnroll_Script"/>
  <testcase name="errMsgCheck" time="1.016" classname="Scripts.OfcrCACertEnroll_Script"/>
  <testcase name="errMsgCheck" time="0.82" classname="Scripts.OfcrCACertEnroll_Script"/>
  <testcase name="errMsgCheck" time="0.982" classname="Scripts.OfcrCACertEnroll_Script"/>
  <testcase name="errMsgCheck" time="0.876" classname="Scripts.OfcrCACertEnroll_Script"/>
  <testcase name="errMsgCheck" time="0.857" classname="Scripts.OfcrCACertEnroll_Script"/>
  <testcase name="errMsgCheck" time="0.714" classname="Scripts.OfcrCACertEnroll_Script"/>
  <testcase name="errMsgCheck" time="0.749" classname="Scripts.OfcrCACertEnroll_Script"/>
  <testcase name="errMsgCheck" time="0.74" classname="Scripts.OfcrCACertEnroll_Script"/>
  <testcase name="errMsgCheck" time="0.784" classname="Scripts.OfcrCACertEnroll_Script"/>
  <testcase name="errMsgCheck" time="0.643" classname="Scripts.OfcrCACertEnroll_Script"/>
  <testcase name="caEnroll" time="44.585" classname="Scripts.OfcrCACertEnroll_Script"/>
  <testcase name="caEnroll" time="94.028" classname="Scripts.OfcrCACertEnroll_Script"/>
  <testcase name="caEnroll" time="0.001" classname="Scripts.OfcrCACertEnroll_Script"/>
  <testcase name="caEnroll" time="0.001" classname="Scripts.OfcrCACertEnroll_Script"/>
  <testcase name="caCertSearch" time="17.613" classname="Scripts.OfcrCACertEnroll_Script"/>
  <testcase name="caCertSearch" time="0.001" classname="Scripts.OfcrCACertEnroll_Script"/>
  <testcase name="caCertSearch" time="0.001" classname="Scripts.OfcrCACertEnroll_Script"/>
  <testcase name="caCertSearch" time="0.002" classname="Scripts.OfcrCACertEnroll_Script"/>
  <testcase name="caSearch" time="0.002" classname="Scripts.OfcrCACertEnroll_Script"/>
  <testcase name="caSearch" time="0.002" classname="Scripts.OfcrCACertEnroll_Script"/>
  <testcase name="caSearch" time="0.001" classname="Scripts.OfcrCACertEnroll_Script"/>
  <testcase name="caSearch" time="13.404" classname="Scripts.OfcrCACertEnroll_Script"/>
  <testcase name="@BeforeSuite createreport" time="0.0" classname="Generic_Library.Basefunctions">
    <ignored/>
  </testcase> <!-- @BeforeSuite createreport -->
  <testcase name="@BeforeTest launch" time="0.0" classname="Generic_Library.Basefunctions">
    <ignored/>
  </testcase> <!-- @BeforeTest launch -->
  <testcase name="@AfterTest closeapp" time="0.0" classname="Generic_Library.Basefunctions">
    <ignored/>
  </testcase> <!-- @AfterTest closeapp -->
</testsuite> <!-- OfficerLogin -->
