<?xml version="1.0" encoding="UTF-8"?>
<!-- Generated by org.testng.reporters.JUnitXMLReporter -->
<testsuite hostname="CPU351" ignored="3" name="OfficerProfile" tests="7" failures="0" timestamp="07 May 2019 11:16:17 GMT" time="43.779" errors="0">
  <testcase name="Login" time="0.042" classname="Scripts.LoginOfficer_Script"/>
  <testcase name="Login" time="4.32" classname="Scripts.LoginOfficer_Script"/>
  <testcase name="Login" time="0.005" classname="Scripts.LoginOfficer_Script"/>
  <testcase name="Login" time="0.004" classname="Scripts.LoginOfficer_Script"/>
  <testcase name="admnPrfle" time="18.152" classname="Scripts.AdminProfile_Script"/>
  <testcase name="admnOpenAll" time="6.211" classname="Scripts.AdminProfile_Script"/>
  <testcase name="admnLogoCheck" time="7.217" classname="Scripts.AdminProfile_Script"/>
  <testcase name="@BeforeSuite createreport" time="0.0" classname="Generic_Library.Basefunctions">
    <ignored/>
  </testcase> <!-- @BeforeSuite createreport -->
  <testcase name="@BeforeTest launch" time="0.0" classname="Generic_Library.Basefunctions">
    <ignored/>
  </testcase> <!-- @BeforeTest launch -->
  <testcase name="@AfterTest closeapp" time="0.0" classname="Generic_Library.Basefunctions">
    <ignored/>
  </testcase> <!-- @AfterTest closeapp -->
</testsuite> <!-- OfficerProfile -->
