<?xml version="1.0" encoding="UTF-8"?>
<!-- Generated by org.testng.reporters.JUnitXMLReporter -->
<testsuite hostname="CPU351" ignored="3" name="OperatorBackupRemote" tests="31" failures="0" timestamp="01 Apr 2019 07:13:57 GMT" time="220.421" errors="0">
  <testcase name="Login" time="0.002" classname="Scripts.LoginOperator_Script"/>
  <testcase name="Login" time="0.004" classname="Scripts.LoginOperator_Script"/>
  <testcase name="Login" time="0.006" classname="Scripts.LoginOperator_Script"/>
  <testcase name="Login" time="4.313" classname="Scripts.LoginOperator_Script"/>
  <testcase name="operatorTestConnectionCheck" time="21.192" classname="Scripts.OperatorBckupRemote_Script"/>
  <testcase name="operatorTestConnectionCheck" time="11.172" classname="Scripts.OperatorBckupRemote_Script"/>
  <testcase name="operatorTestConnectionCheck" time="31.38" classname="Scripts.OperatorBckupRemote_Script"/>
  <testcase name="operatorTestConnectionCheck" time="6.725" classname="Scripts.OperatorBckupRemote_Script"/>
  <testcase name="operatorTestConnectionCheck" time="0.001" classname="Scripts.OperatorBckupRemote_Script"/>
  <testcase name="operatorTestConnectionCheck" time="0.001" classname="Scripts.OperatorBckupRemote_Script"/>
  <testcase name="operatorTestConnectionCheck" time="0.001" classname="Scripts.OperatorBckupRemote_Script"/>
  <testcase name="operatorTestConnectionCheck" time="0.001" classname="Scripts.OperatorBckupRemote_Script"/>
  <testcase name="operatorTestConnectionCheck" time="0.001" classname="Scripts.OperatorBckupRemote_Script"/>
  <testcase name="operatorBackupManual" time="0.001" classname="Scripts.OperatorBckupRemote_Script"/>
  <testcase name="operatorBackupManual" time="0.0" classname="Scripts.OperatorBckupRemote_Script"/>
  <testcase name="operatorBackupManual" time="0.001" classname="Scripts.OperatorBckupRemote_Script"/>
  <testcase name="operatorBackupManual" time="0.001" classname="Scripts.OperatorBckupRemote_Script"/>
  <testcase name="operatorBackupManual" time="18.94" classname="Scripts.OperatorBckupRemote_Script"/>
  <testcase name="operatorBackupManual" time="4.734" classname="Scripts.OperatorBckupRemote_Script"/>
  <testcase name="operatorBackupManual" time="53.753" classname="Scripts.OperatorBckupRemote_Script"/>
  <testcase name="operatorBackupManual" time="0.002" classname="Scripts.OperatorBckupRemote_Script"/>
  <testcase name="operatorBackupManual" time="0.001" classname="Scripts.OperatorBckupRemote_Script"/>
  <testcase name="operatorBackupAutomtc" time="0.001" classname="Scripts.OperatorBckupRemote_Script"/>
  <testcase name="operatorBackupAutomtc" time="0.001" classname="Scripts.OperatorBckupRemote_Script"/>
  <testcase name="operatorBackupAutomtc" time="0.0" classname="Scripts.OperatorBckupRemote_Script"/>
  <testcase name="operatorBackupAutomtc" time="0.001" classname="Scripts.OperatorBckupRemote_Script"/>
  <testcase name="operatorBackupAutomtc" time="0.003" classname="Scripts.OperatorBckupRemote_Script"/>
  <testcase name="operatorBackupAutomtc" time="0.001" classname="Scripts.OperatorBckupRemote_Script"/>
  <testcase name="operatorBackupAutomtc" time="0.001" classname="Scripts.OperatorBckupRemote_Script"/>
  <testcase name="operatorBackupAutomtc" time="52.285" classname="Scripts.OperatorBckupRemote_Script"/>
  <testcase name="operatorBackupAutomtc" time="11.566" classname="Scripts.OperatorBckupRemote_Script"/>
  <testcase name="@BeforeSuite createreport" time="0.0" classname="Generic_Library.Basefunctions">
    <ignored/>
  </testcase> <!-- @BeforeSuite createreport -->
  <testcase name="@BeforeTest launch" time="0.0" classname="Generic_Library.Basefunctions">
    <ignored/>
  </testcase> <!-- @BeforeTest launch -->
  <testcase name="@AfterTest closeapp" time="0.0" classname="Generic_Library.Basefunctions">
    <ignored/>
  </testcase> <!-- @AfterTest closeapp -->
</testsuite> <!-- OperatorBackupRemote -->
