<?xml version="1.0" encoding="UTF-8"?>
<!-- Generated by org.testng.reporters.JUnitXMLReporter -->
<testsuite hostname="CPU351" ignored="3" name="OperatorBackup" tests="10" failures="0" timestamp="02 Apr 2019 04:33:25 GMT" time="72.172" errors="0">
  <testcase name="Login" time="0.045" classname="Scripts.LoginOperator_Script"/>
  <testcase name="Login" time="0.012" classname="Scripts.LoginOperator_Script"/>
  <testcase name="Login" time="0.006" classname="Scripts.LoginOperator_Script"/>
  <testcase name="Login" time="4.319" classname="Scripts.LoginOperator_Script"/>
  <testcase name="operatrAutomtcLocal" time="0.007" classname="Scripts.OperatorBackup_Script"/>
  <testcase name="operatrAutomtcLocal" time="0.007" classname="Scripts.OperatorBackup_Script"/>
  <testcase name="operatrAutomtcLocal" time="0.007" classname="Scripts.OperatorBackup_Script"/>
  <testcase name="operatrAutomtcLocal" time="0.007" classname="Scripts.OperatorBackup_Script"/>
  <testcase name="operatrAutomtcLocal" time="0.004" classname="Scripts.OperatorBackup_Script"/>
  <testcase name="operatrAutomtcLocal" time="61.903" classname="Scripts.OperatorBackup_Script"/>
  <testcase name="@BeforeSuite createreport" time="0.0" classname="Generic_Library.Basefunctions">
    <ignored/>
  </testcase> <!-- @BeforeSuite createreport -->
  <testcase name="@BeforeTest launch" time="0.0" classname="Generic_Library.Basefunctions">
    <ignored/>
  </testcase> <!-- @BeforeTest launch -->
  <testcase name="@AfterTest closeapp" time="0.0" classname="Generic_Library.Basefunctions">
    <ignored/>
  </testcase> <!-- @AfterTest closeapp -->
</testsuite> <!-- OperatorBackup -->
