<?xml version="1.0" encoding="UTF-8"?>
<!-- Generated by org.testng.reporters.JUnitXMLReporter -->
<testsuite hostname="CPU351" ignored="3" name="OperatorDashboard" tests="11" failures="0" timestamp="09 Apr 2019 06:03:22 GMT" time="183.262" errors="0">
  <testcase name="Login" time="0.001" classname="Scripts.LoginOperator_Script"/>
  <testcase name="Login" time="0.002" classname="Scripts.LoginOperator_Script"/>
  <testcase name="Login" time="0.002" classname="Scripts.LoginOperator_Script"/>
  <testcase name="Login" time="4.243" classname="Scripts.LoginOperator_Script"/>
  <testcase name="operatrActveCert" time="31.793" classname="Scripts.OperatorDashBoard_Script"/>
  <testcase name="operatrActveCertU" time="31.982" classname="Scripts.OperatorDashBoard_Script"/>
  <testcase name="operatrRvkeCert" time="11.703" classname="Scripts.OperatorDashBoard_Script"/>
  <testcase name="operatrRvkeCertU" time="32.06" classname="Scripts.OperatorDashBoard_Script"/>
  <testcase name="operatrExpireCert" time="11.694" classname="Scripts.OperatorDashBoard_Script"/>
  <testcase name="operatrExpireCertU" time="32.167" classname="Scripts.OperatorDashBoard_Script"/>
  <testcase name="operatrCRl" time="23.612" classname="Scripts.OperatorDashBoard_Script"/>
  <testcase name="@BeforeSuite createreport" time="0.0" classname="Generic_Library.Basefunctions">
    <ignored/>
  </testcase> <!-- @BeforeSuite createreport -->
  <testcase name="@BeforeTest launch" time="0.0" classname="Generic_Library.Basefunctions">
    <ignored/>
  </testcase> <!-- @BeforeTest launch -->
  <testcase name="@AfterTest closeapp" time="0.0" classname="Generic_Library.Basefunctions">
    <ignored/>
  </testcase> <!-- @AfterTest closeapp -->
</testsuite> <!-- OperatorDashboard -->
