<?xml version="1.0" encoding="UTF-8"?>
<!-- Generated by org.testng.reporters.JUnitXMLReporter -->
<testsuite hostname="CPU351" ignored="6" name="Operator" tests="6" failures="0" timestamp="29 Mar 2019 08:55:13 GMT" time="21.237" errors="0">
  <testcase name="Login" time="0.033" classname="Scripts.LoginOperator_Script"/>
  <testcase name="Login" time="0.005" classname="Scripts.LoginOperator_Script"/>
  <testcase name="Login" time="0.003" classname="Scripts.LoginOperator_Script"/>
  <testcase name="Login" time="4.262" classname="Scripts.LoginOperator_Script"/>
  <testcase name="admnPrfle" time="9.202" classname="Scripts.OperatorProfile_Script"/>
  <testcase name="Logout" time="2.32" classname="Scripts.Logout_Script"/>
  <testcase name="@BeforeSuite createreport" time="0.0" classname="Generic_Library.Basefunctions">
    <ignored/>
  </testcase> <!-- @BeforeSuite createreport -->
  <testcase name="@BeforeSuite createreport" time="0.0" classname="Generic_Library.Basefunctions">
    <ignored/>
  </testcase> <!-- @BeforeSuite createreport -->
  <testcase name="@BeforeTest launch" time="0.0" classname="Generic_Library.Basefunctions">
    <ignored/>
  </testcase> <!-- @BeforeTest launch -->
  <testcase name="@BeforeTest launch" time="0.0" classname="Generic_Library.Basefunctions">
    <ignored/>
  </testcase> <!-- @BeforeTest launch -->
  <testcase name="@AfterTest closeapp" time="0.0" classname="Generic_Library.Basefunctions">
    <ignored/>
  </testcase> <!-- @AfterTest closeapp -->
  <testcase name="@AfterTest closeapp" time="0.0" classname="Generic_Library.Basefunctions">
    <ignored/>
  </testcase> <!-- @AfterTest closeapp -->
</testsuite> <!-- Operator -->
