<?xml version="1.0" encoding="UTF-8"?>
<!-- Generated by org.testng.reporters.JUnitXMLReporter -->
<testsuite hostname="CPU351" ignored="3" name="UserNGroup" tests="25" failures="0" timestamp="07 May 2019 08:56:42 GMT" time="100.768" errors="0">
  <testcase name="Login" time="4.371" classname="Scripts.Login_Script"/>
  <testcase name="Login" time="0.006" classname="Scripts.Login_Script"/>
  <testcase name="Login" time="0.007" classname="Scripts.Login_Script"/>
  <testcase name="Login" time="0.008" classname="Scripts.Login_Script"/>
  <testcase name="searchErr" time="9.852" classname="Scripts.UserNGroup_Script"/>
  <testcase name="searchErr" time="5.695" classname="Scripts.UserNGroup_Script"/>
  <testcase name="searchErr" time="0.002" classname="Scripts.UserNGroup_Script"/>
  <testcase name="searchErr" time="0.003" classname="Scripts.UserNGroup_Script"/>
  <testcase name="searchErr" time="0.004" classname="Scripts.UserNGroup_Script"/>
  <testcase name="searchOfcr" time="0.002" classname="Scripts.UserNGroup_Script"/>
  <testcase name="searchOfcr" time="0.002" classname="Scripts.UserNGroup_Script"/>
  <testcase name="searchOfcr" time="23.391" classname="Scripts.UserNGroup_Script"/>
  <testcase name="searchOfcr" time="0.001" classname="Scripts.UserNGroup_Script"/>
  <testcase name="searchOfcr" time="0.001" classname="Scripts.UserNGroup_Script"/>
  <testcase name="searchAuditr" time="0.001" classname="Scripts.UserNGroup_Script"/>
  <testcase name="searchAuditr" time="0.002" classname="Scripts.UserNGroup_Script"/>
  <testcase name="searchAuditr" time="0.005" classname="Scripts.UserNGroup_Script"/>
  <testcase name="searchAuditr" time="23.225" classname="Scripts.UserNGroup_Script"/>
  <testcase name="searchAuditr" time="0.002" classname="Scripts.UserNGroup_Script"/>
  <testcase name="searchOperatr" time="0.005" classname="Scripts.UserNGroup_Script"/>
  <testcase name="searchOperatr" time="0.002" classname="Scripts.UserNGroup_Script"/>
  <testcase name="searchOperatr" time="0.003" classname="Scripts.UserNGroup_Script"/>
  <testcase name="searchOperatr" time="0.013" classname="Scripts.UserNGroup_Script"/>
  <testcase name="searchOperatr" time="22.541" classname="Scripts.UserNGroup_Script"/>
  <testcase name="homeLink" time="2.801" classname="Scripts.UserNGroup_Script"/>
  <testcase name="@BeforeSuite createreport" time="0.0" classname="Generic_Library.Basefunctions">
    <ignored/>
  </testcase> <!-- @BeforeSuite createreport -->
  <testcase name="@BeforeTest launch" time="0.0" classname="Generic_Library.Basefunctions">
    <ignored/>
  </testcase> <!-- @BeforeTest launch -->
  <testcase name="@AfterTest closeapp" time="0.0" classname="Generic_Library.Basefunctions">
    <ignored/>
  </testcase> <!-- @AfterTest closeapp -->
</testsuite> <!-- UserNGroup -->
