<?xml version="1.0" encoding="UTF-8"?>
<!-- Generated by org.testng.reporters.JUnitXMLReporter -->
<testsuite hostname="CPU351" ignored="3" name="userCertSearch" tests="5" failures="0" timestamp="09 Apr 2019 05:49:24 GMT" time="41.233" errors="0">
  <testcase name="Login" time="4.207" classname="Scripts.Login_Script"/>
  <testcase name="Login" time="0.024" classname="Scripts.Login_Script"/>
  <testcase name="Login" time="0.012" classname="Scripts.Login_Script"/>
  <testcase name="Login" time="0.016" classname="Scripts.Login_Script"/>
  <testcase name="certDetails" time="32.802" classname="Scripts.AdmnUserCertMngnt_Script"/>
  <testcase name="@BeforeSuite createreport" time="0.0" classname="Generic_Library.Basefunctions">
    <ignored/>
  </testcase> <!-- @BeforeSuite createreport -->
  <testcase name="@BeforeTest launch" time="0.0" classname="Generic_Library.Basefunctions">
    <ignored/>
  </testcase> <!-- @BeforeTest launch -->
  <testcase name="@AfterTest closeapp" time="0.0" classname="Generic_Library.Basefunctions">
    <ignored/>
  </testcase> <!-- @AfterTest closeapp -->
</testsuite> <!-- userCertSearch -->
